  chap2_Assign_Matrix.cpp
C:\Users\user\Documents\GitHub\PNU_2_1_Cpp\chap2_Assign_Matrix.cpp(1,1): warning C4819: 현재 코드 페이지(949)에서 표시할 수 없는 문자가 파일에 들어 있습니다. 데이터가 손실되지 않게 하려면 해당 파일을 유니코드 형식으로 저장하십시오.
C:\Users\user\Documents\GitHub\PNU_2_1_Cpp\chap2_Assign_Matrix.cpp(99,15): warning C4244: '인수': 'time_t'에서 'unsigned int'(으)로 변환하면서 데이터가 손실될 수 있습니다.
C:\Users\user\Documents\GitHub\PNU_2_1_Cpp\chap2_Assign_Matrix.cpp(106,9): warning C4101: 'd' :참조되지 않은 지역 변수입니다.
  2-1.arr1.cpp
C:\Users\user\Documents\GitHub\PNU_2_1_Cpp\chapter2_review_c\2-1.arr1.cpp(1,1): warning C4819: 현재 코드 페이지(949)에서 표시할 수 없는 문자가 파일에 들어 있습니다. 데이터가 손실되지 않게 하려면 해당 파일을 유니코드 형식으로 저장하십시오.
  2-10.array_pointer.cpp
  2-11.ragged.cpp
C:\Users\user\Documents\GitHub\PNU_2_1_Cpp\chapter2_review_c\2-11.ragged.cpp(20,1): error C2059: 구문 오류: '<<'
C:\Users\user\Documents\GitHub\PNU_2_1_Cpp\chapter2_review_c\2-11.ragged.cpp(23,1): error C2059: 구문 오류: '=='
C:\Users\user\Documents\GitHub\PNU_2_1_Cpp\chapter2_review_c\2-11.ragged.cpp(26,1): error C2059: 구문 오류: '>>'
C:\Users\user\Documents\GitHub\PNU_2_1_Cpp\chapter2_review_c\2-11.ragged.cpp(57,1): error C2059: 구문 오류: '<<'
C:\Users\user\Documents\GitHub\PNU_2_1_Cpp\chapter2_review_c\2-11.ragged.cpp(65,14): error C2065: 'rt': 선언되지 않은 식별자입니다.
C:\Users\user\Documents\GitHub\PNU_2_1_Cpp\chapter2_review_c\2-11.ragged.cpp(66,7): error C2065: 'rt': 선언되지 않은 식별자입니다.
C:\Users\user\Documents\GitHub\PNU_2_1_Cpp\chapter2_review_c\2-11.ragged.cpp(69,1): error C2059: 구문 오류: '>>'
C:\Users\user\Documents\GitHub\PNU_2_1_Cpp\chapter2_review_c\2-11.ragged.cpp(81,1): error C2059: 구문 오류: '<<'
C:\Users\user\Documents\GitHub\PNU_2_1_Cpp\chapter2_review_c\2-11.ragged.cpp(82,20): error C2143: 구문 오류: ';'이(가) '{' 앞에 없습니다.
C:\Users\user\Documents\GitHub\PNU_2_1_Cpp\chapter2_review_c\2-11.ragged.cpp(82,20): error C2447: '{': 함수 헤더가 없습니다. 이전 스타일의 형식 목록입니까?
C:\Users\user\Documents\GitHub\PNU_2_1_Cpp\chapter2_review_c\2-11.ragged.cpp(121,1): error C2059: 구문 오류: '>>'
C:\Users\user\Documents\GitHub\PNU_2_1_Cpp\chapter2_review_c\2-11.ragged.cpp(123,19): error C2143: 구문 오류: ')'이(가) ';' 앞에 없습니다.
C:\Users\user\Documents\GitHub\PNU_2_1_Cpp\chapter2_review_c\2-11.ragged.cpp(123,30): error C2143: 구문 오류: ';'이(가) '<' 앞에 없습니다.
C:\Users\user\Documents\GitHub\PNU_2_1_Cpp\chapter2_review_c\2-11.ragged.cpp(123,30): error C4430: 형식 지정자가 없습니다. int로 가정합니다. 참고: C++에서는 기본 int를 지원하지 않습니다.
C:\Users\user\Documents\GitHub\PNU_2_1_Cpp\chapter2_review_c\2-11.ragged.cpp(123,45): error C2143: 구문 오류: ';'이(가) '++' 앞에 없습니다.
C:\Users\user\Documents\GitHub\PNU_2_1_Cpp\chapter2_review_c\2-11.ragged.cpp(123,45): error C4430: 형식 지정자가 없습니다. int로 가정합니다. 참고: C++에서는 기본 int를 지원하지 않습니다.
C:\Users\user\Documents\GitHub\PNU_2_1_Cpp\chapter2_review_c\2-11.ragged.cpp(123,37): error C2086: 'int rowIndex': 재정의
C:\Users\user\Documents\GitHub\PNU_2_1_Cpp\chapter2_review_c\2-11.ragged.cpp(123): message : 'rowIndex' 선언을 참조하십시오.
C:\Users\user\Documents\GitHub\PNU_2_1_Cpp\chapter2_review_c\2-11.ragged.cpp(123,47): error C2059: 구문 오류: ')'
C:\Users\user\Documents\GitHub\PNU_2_1_Cpp\chapter2_review_c\2-11.ragged.cpp(124,2): error C2143: 구문 오류: ';'이(가) '{' 앞에 없습니다.
C:\Users\user\Documents\GitHub\PNU_2_1_Cpp\chapter2_review_c\2-11.ragged.cpp(124,2): error C2447: '{': 함수 헤더가 없습니다. 이전 스타일의 형식 목록입니까?
C:\Users\user\Documents\GitHub\PNU_2_1_Cpp\chapter2_review_c\2-11.ragged.cpp(127,1): error C2059: 구문 오류: '<<'
C:\Users\user\Documents\GitHub\PNU_2_1_Cpp\chapter2_review_c\2-11.ragged.cpp(129,1): error C2059: 구문 오류: '=='
C:\Users\user\Documents\GitHub\PNU_2_1_Cpp\chapter2_review_c\2-11.ragged.cpp(133,1): error C2059: 구문 오류: '}'
C:\Users\user\Documents\GitHub\PNU_2_1_Cpp\chapter2_review_c\2-11.ragged.cpp(133,1): error C2143: 구문 오류: ';'이(가) '}' 앞에 없습니다.
C:\Users\user\Documents\GitHub\PNU_2_1_Cpp\chapter2_review_c\2-11.ragged.cpp(134,21): error C2143: 구문 오류: ';'이(가) '{' 앞에 없습니다.
C:\Users\user\Documents\GitHub\PNU_2_1_Cpp\chapter2_review_c\2-11.ragged.cpp(134,21): error C2447: '{': 함수 헤더가 없습니다. 이전 스타일의 형식 목록입니까?
  2-12.char2.cpp
C:\Users\user\Documents\GitHub\PNU_2_1_Cpp\chapter2_review_c\2-12.char2.cpp(19,1): warning C4996: 'strcpy': This function or variable may be unsafe. Consider using strcpy_s instead. To disable deprecation, use _CRT_SECURE_NO_WARNINGS. See online help for details.
C:\Program Files (x86)\Windows Kits\10\Include\10.0.17763.0\ucrt\string.h(133): message : 'strcpy' 선언을 참조하십시오.
C:\Users\user\Documents\GitHub\PNU_2_1_Cpp\chapter2_review_c\2-12.char2.cpp(31,1): warning C4996: 'strcpy': This function or variable may be unsafe. Consider using strcpy_s instead. To disable deprecation, use _CRT_SECURE_NO_WARNINGS. See online help for details.
C:\Program Files (x86)\Windows Kits\10\Include\10.0.17763.0\ucrt\string.h(133): message : 'strcpy' 선언을 참조하십시오.
C:\Users\user\Documents\GitHub\PNU_2_1_Cpp\chapter2_review_c\2-12.char2.cpp(38,1): warning C4996: 'strcpy': This function or variable may be unsafe. Consider using strcpy_s instead. To disable deprecation, use _CRT_SECURE_NO_WARNINGS. See online help for details.
C:\Program Files (x86)\Windows Kits\10\Include\10.0.17763.0\ucrt\string.h(133): message : 'strcpy' 선언을 참조하십시오.
C:\Users\user\Documents\GitHub\PNU_2_1_Cpp\chapter2_review_c\2-12.char2.cpp(43,1): warning C4996: 'strcpy': This function or variable may be unsafe. Consider using strcpy_s instead. To disable deprecation, use _CRT_SECURE_NO_WARNINGS. See online help for details.
C:\Program Files (x86)\Windows Kits\10\Include\10.0.17763.0\ucrt\string.h(133): message : 'strcpy' 선언을 참조하십시오.
C:\Users\user\Documents\GitHub\PNU_2_1_Cpp\chapter2_review_c\2-12.char2.cpp(48,1): warning C4996: 'strcpy': This function or variable may be unsafe. Consider using strcpy_s instead. To disable deprecation, use _CRT_SECURE_NO_WARNINGS. See online help for details.
C:\Program Files (x86)\Windows Kits\10\Include\10.0.17763.0\ucrt\string.h(133): message : 'strcpy' 선언을 참조하십시오.
  2-13.typedef1.cpp
C:\Users\user\Documents\GitHub\PNU_2_1_Cpp\chapter2_review_c\2-13.typedef1.cpp(16,58): warning C4305: '초기화 중': 'double'에서 'float'(으)로 잘립니다.
  2-14.file.cpp
C:\Users\user\Documents\GitHub\PNU_2_1_Cpp\chapter2_review_c\2-14.file.cpp(12,1): warning C4996: 'scanf': This function or variable may be unsafe. Consider using scanf_s instead. To disable deprecation, use _CRT_SECURE_NO_WARNINGS. See online help for details.
C:\Program Files (x86)\Windows Kits\10\Include\10.0.17763.0\ucrt\stdio.h(1274): message : 'scanf' 선언을 참조하십시오.
C:\Users\user\Documents\GitHub\PNU_2_1_Cpp\chapter2_review_c\2-14.file.cpp(14,1): warning C4996: 'fopen': This function or variable may be unsafe. Consider using fopen_s instead. To disable deprecation, use _CRT_SECURE_NO_WARNINGS. See online help for details.
C:\Program Files (x86)\Windows Kits\10\Include\10.0.17763.0\ucrt\stdio.h(208): message : 'fopen' 선언을 참조하십시오.
C:\Users\user\Documents\GitHub\PNU_2_1_Cpp\chapter2_review_c\2-14.file.cpp(15,1): warning C4996: 'scanf': This function or variable may be unsafe. Consider using scanf_s instead. To disable deprecation, use _CRT_SECURE_NO_WARNINGS. See online help for details.
C:\Program Files (x86)\Windows Kits\10\Include\10.0.17763.0\ucrt\stdio.h(1274): message : 'scanf' 선언을 참조하십시오.
C:\Users\user\Documents\GitHub\PNU_2_1_Cpp\chapter2_review_c\2-14.file.cpp(20,1): warning C4996: 'fopen': This function or variable may be unsafe. Consider using fopen_s instead. To disable deprecation, use _CRT_SECURE_NO_WARNINGS. See online help for details.
C:\Program Files (x86)\Windows Kits\10\Include\10.0.17763.0\ucrt\stdio.h(208): message : 'fopen' 선언을 참조하십시오.
  2-2.pointerArray.cpp
  2-3.pointer_2dimensionArray.cpp
  2-4.pointer_array.cpp
  2-5.arr2.cpp
  2-6.arr3.cpp
  2-7.arr4.cpp
  2-8..increase.cpp
  2-9.minInteger.cpp
  2ְו-1.reference.cpp
  2ְו-2.array.cpp
  2ְו-3.array_pointer.cpp
C:\Users\user\Documents\GitHub\PNU_2_1_Cpp\chapter2_review_c\2ְו-3.array_pointer.cpp(11,7): warning C4101: 'p' :참조되지 않은 지역 변수입니다.
  2ְו-4.function.cpp
  2ְו-5.swap.cpp
  코드를 생성하고 있습니다...
  컴파일하고 있습니다...
  2ְו-6.swap2.cpp
  2ְו-7.static.cpp
  2ְו-8.char_array.cpp
C:\Users\user\Documents\GitHub\PNU_2_1_Cpp\chapter2_review_c\2ְו-8.char_array.cpp(27,1): warning C4996: 'scanf': This function or variable may be unsafe. Consider using scanf_s instead. To disable deprecation, use _CRT_SECURE_NO_WARNINGS. See online help for details.
C:\Program Files (x86)\Windows Kits\10\Include\10.0.17763.0\ucrt\stdio.h(1274): message : 'scanf' 선언을 참조하십시오.
C:\Users\user\Documents\GitHub\PNU_2_1_Cpp\chapter2_review_c\2ְו-8.char_array.cpp(9,11): warning C4101: 't' :참조되지 않은 지역 변수입니다.
  2ְו-9.typedef2.cpp
C:\Users\user\Documents\GitHub\PNU_2_1_Cpp\chapter2_review_c\2ְו-9.typedef2.cpp(14,27): warning C4305: '초기화 중': 'double'에서 'float'(으)로 잘립니다.
C:\Users\user\Documents\GitHub\PNU_2_1_Cpp\chapter2_review_c\2ְו-9.typedef2.cpp(15,28): warning C4305: '초기화 중': 'double'에서 'float'(으)로 잘립니다.
  코드를 생성하고 있습니다...
C:\Users\user\Documents\GitHub\PNU_2_1_Cpp\chapter2_review_c\2ְו-9.typedef2.cpp(33): warning C4172: 지역 변수 또는 임시: temp의 주소를 반환하고 있습니다.
